# JRE version: Java(TM) SE Runtime Environment (21.0.3+7) (build 21.0.3+7-LTS-152)
# Java VM: Java HotSpot(TM) 64-Bit Server VM (21.0.3+7-LTS-152, mixed mode, sharing, tiered, compressed oops, compressed class ptrs, g1 gc, windows-amd64)
GC Precious Log:
 CardTable entry size: 512
 Card Set container configuration: InlinePtr #cards 5 size 8 Array Of Cards #cards 12 size 40 Howl #buckets 4 coarsen threshold 1843 Howl Bitmap #cards 512 size 80 coarsen threshold 460 Card regions per heap region 1 cards per card region 2048
 CPUs: 4 total, 4 available
 Memory: 16264M
 Large Page Support: Disabled
 NUMA Support: Disabled
 Compressed Oops: Enabled (32-bit)
 Heap Region Size: 1M
 Heap Min Capacity: 256M
 Heap Initial Capacity: 256M
 Heap Max Capacity: 512M
 Pre-touch: Disabled
 Parallel Workers: 4
 Concurrent Workers: 1
 Concurrent Refinement Workers: 4
 Periodic GC: Disabled
Heap:
 garbage-first heap   total 262144K, used 148115K [0x00000000e0000000, 0x0000000100000000)
  region size 1024K, 87 young (89088K), 13 survivors (13312K)
 Metaspace       used 67293K, committed 69504K, reserved 393216K
  class space    used 9411K, committed 10496K, reserved 327680K
GC Heap History (20 events):
Event: 2.089 GC heap before
{Heap before GC invocations=0 (full 0):
 garbage-first heap   total 262144K, used 12288K [0x00000000e0000000, 0x0000000100000000)
  region size 1024K, 13 young (13312K), 0 survivors (0K)
 Metaspace       used 825K, committed 960K, reserved 393216K
  class space    used 67K, committed 128K, reserved 327680K
}
Event: 2.694 GC heap after
{Heap after GC invocations=1 (full 0):
 garbage-first heap   total 262144K, used 1280K [0x00000000e0000000, 0x0000000100000000)
  region size 1024K, 2 young (2048K), 2 survivors (2048K)
 Metaspace       used 825K, committed 960K, reserved 393216K
  class space    used 67K, committed 128K, reserved 327680K
}
Event: 7.549 GC heap before
{Heap before GC invocations=1 (full 0):
 garbage-first heap   total 262144K, used 28928K [0x00000000e0000000, 0x0000000100000000)
  region size 1024K, 27 young (27648K), 2 survivors (2048K)
 Metaspace       used 3439K, committed 3584K, reserved 393216K
  class space    used 433K, committed 512K, reserved 327680K
}
Event: 7.556 GC heap after
{Heap after GC invocations=2 (full 0):
 garbage-first heap   total 262144K, used 10110K [0x00000000e0000000, 0x0000000100000000)
  region size 1024K, 4 young (4096K), 4 survivors (4096K)
 Metaspace       used 3439K, committed 3584K, reserved 393216K
  class space    used 433K, committed 512K, reserved 327680K
}
Event: 19.813 GC heap before
{Heap before GC invocations=2 (full 0):
 garbage-first heap   total 262144K, used 164734K [0x00000000e0000000, 0x0000000100000000)
  region size 1024K, 153 young (156672K), 4 survivors (4096K)
 Metaspace       used 19802K, committed 20416K, reserved 393216K
  class space    used 2846K, committed 3136K, reserved 327680K
}
Event: 19.849 GC heap after
{Heap after GC invocations=3 (full 0):
 garbage-first heap   total 262144K, used 23240K [0x00000000e0000000, 0x0000000100000000)
  region size 1024K, 16 young (16384K), 16 survivors (16384K)
 Metaspace       used 19802K, committed 20416K, reserved 393216K
  class space    used 2846K, committed 3136K, reserved 327680K
}
Event: 20.365 GC heap before
{Heap before GC invocations=3 (full 0):
 garbage-first heap   total 262144K, used 33480K [0x00000000e0000000, 0x0000000100000000)
  region size 1024K, 27 young (27648K), 16 survivors (16384K)
 Metaspace       used 20895K, committed 21504K, reserved 393216K
  class space    used 3035K, committed 3328K, reserved 327680K
}
Event: 20.393 GC heap after
{Heap after GC invocations=4 (full 0):
 garbage-first heap   total 262144K, used 25079K [0x00000000e0000000, 0x0000000100000000)
  region size 1024K, 2 young (2048K), 2 survivors (2048K)
 Metaspace       used 20895K, committed 21504K, reserved 393216K
  class space    used 3035K, committed 3328K, reserved 327680K
}
Event: 26.641 GC heap before
{Heap before GC invocations=5 (full 0):
 garbage-first heap   total 262144K, used 133623K [0x00000000e0000000, 0x0000000100000000)
  region size 1024K, 105 young (107520K), 2 survivors (2048K)
 Metaspace       used 34955K, committed 35968K, reserved 393216K
  class space    used 4856K, committed 5376K, reserved 327680K
}
Event: 26.664 GC heap after
{Heap after GC invocations=6 (full 0):
 garbage-first heap   total 262144K, used 32747K [0x00000000e0000000, 0x0000000100000000)
  region size 1024K, 10 young (10240K), 10 survivors (10240K)
 Metaspace       used 34955K, committed 35968K, reserved 393216K
  class space    used 4856K, committed 5376K, reserved 327680K
}
Event: 31.680 GC heap before
{Heap before GC invocations=7 (full 0):
 garbage-first heap   total 262144K, used 129003K [0x00000000e0000000, 0x0000000100000000)
  region size 1024K, 102 young (104448K), 10 survivors (10240K)
 Metaspace       used 45955K, committed 47616K, reserved 393216K
  class space    used 6537K, committed 7360K, reserved 327680K
}
Event: 31.715 GC heap after
{Heap after GC invocations=8 (full 0):
 garbage-first heap   total 262144K, used 38667K [0x00000000e0000000, 0x0000000100000000)
  region size 1024K, 7 young (7168K), 7 survivors (7168K)
 Metaspace       used 45955K, committed 47616K, reserved 393216K
  class space    used 6537K, committed 7360K, reserved 327680K
}
Event: 39.288 GC heap before
{Heap before GC invocations=8 (full 0):
 garbage-first heap   total 262144K, used 187147K [0x00000000e0000000, 0x0000000100000000)
  region size 1024K, 153 young (156672K), 7 survivors (7168K)
 Metaspace       used 57596K, committed 59456K, reserved 393216K
  class space    used 8305K, committed 9216K, reserved 327680K
}
Event: 39.326 GC heap after
{Heap after GC invocations=9 (full 0):
 garbage-first heap   total 262144K, used 50161K [0x00000000e0000000, 0x0000000100000000)
  region size 1024K, 17 young (17408K), 17 survivors (17408K)
 Metaspace       used 57596K, committed 59456K, reserved 393216K
  class space    used 8305K, committed 9216K, reserved 327680K
}
Event: 39.747 GC heap before
{Heap before GC invocations=9 (full 0):
 garbage-first heap   total 262144K, used 57329K [0x00000000e0000000, 0x0000000100000000)
  region size 1024K, 25 young (25600K), 17 survivors (17408K)
 Metaspace       used 58199K, committed 60096K, reserved 393216K
  class space    used 8355K, committed 9280K, reserved 327680K
}
Event: 39.787 GC heap after
{Heap after GC invocations=10 (full 0):
 garbage-first heap   total 262144K, used 51657K [0x00000000e0000000, 0x0000000100000000)
  region size 1024K, 2 young (2048K), 2 survivors (2048K)
 Metaspace       used 58199K, committed 60096K, reserved 393216K
  class space    used 8355K, committed 9280K, reserved 327680K
}
Event: 45.860 GC heap before
{Heap before GC invocations=11 (full 0):
 garbage-first heap   total 262144K, used 205257K [0x00000000e0000000, 0x0000000100000000)
  region size 1024K, 153 young (156672K), 2 survivors (2048K)
 Metaspace       used 62196K, committed 64320K, reserved 393216K
  class space    used 8907K, committed 9984K, reserved 327680K
}
Event: 45.890 GC heap after
{Heap after GC invocations=12 (full 0):
 garbage-first heap   total 262144K, used 62685K [0x00000000e0000000, 0x0000000100000000)
  region size 1024K, 13 young (13312K), 13 survivors (13312K)
 Metaspace       used 62196K, committed 64320K, reserved 393216K
  class space    used 8907K, committed 9984K, reserved 327680K
}
Event: 151.435 GC heap before
{Heap before GC invocations=12 (full 0):
 garbage-first heap   total 262144K, used 205021K [0x00000000e0000000, 0x0000000100000000)
  region size 1024K, 153 young (156672K), 13 survivors (13312K)
 Metaspace       used 66666K, committed 68864K, reserved 393216K
  class space    used 9402K, committed 10496K, reserved 327680K
}
Event: 151.493 GC heap after
{Heap after GC invocations=13 (full 0):
 garbage-first heap   total 262144K, used 74387K [0x00000000e0000000, 0x0000000100000000)
  region size 1024K, 13 young (13312K), 13 survivors (13312K)
 Metaspace       used 66666K, committed 68864K, reserved 393216K
  class space    used 9402K, committed 10496K, reserved 327680K
}

